# This is a sample menu.lst file. You should make some changes to it.
# The old install method of booting via the stage-files has been removed.
# Please install GRLDR boot strap code to MBR with the bootlace.com
# utility under DOS/Win9x or Linux.
#
# It must be UTF-8 encoding for multi-lingual support. Font lines can be
# appended to the file. The font lines should be in the unifont.hex format.

color blue/green yellow/red white/magenta white/magenta
timeout 30
## menu border color
color border=0xEEFFEE
## set vbe mode
graphicsmode -1 640:800 480:600 24:32 || graphicsmode -1 -1 -1 24:32
## loading splashimage
splashimage /Boot/grub4dos/splashimage.xpm || splashimage /Boot/grub4dos/splashimage.bmp
default /default
## Menu AutoNumber
write 0x8274 0x2001

title Ubuntu 16.04 Desktop [64-bit]\n%copyfile% 'ubuntu-16.04-desktop-amd64.iso' %intodir% '/Files/Linux/'
	find --set-root --ignore-floppies /Files/Linux/ubuntu-16.04-desktop-amd64.iso
	map /Files/Linux/ubuntu-16.04-desktop-amd64.iso (0xff) || map --mem /Files/Linux/ubuntu-16.04-desktop-amd64.iso (0xff)
	map --hook
	kernel	(0xff)/casper/vmlinuz.efi boot=casper iso-scan/filename=/Files/Linux/ubuntu-16.04-desktop-amd64.iso quiet splash
	initrd	(0xff)/casper/initrd.lz

title Parted Magic [64-bit]\n%copyfile% 'pmagic.iso' %intodir% '/Files/Linux/'
	find --set-root --ignore-floppies /Files/Linux/pmagic.iso
	map /Files/Linux/pmagic.iso (0xff) || map --mem /Files/Linux/pmagic.iso (0xff)
	map --hook
	kernel	(0xff)/pmagic/bzImage64 iso_filename=/Files/Linux/pmagic.iso directory=boot edd=on vga=normal
	initrd	(0xff)/pmagic/initrd.img (0xff)/pmagic/fu.img (0xff)/pmagic/m64.img

title Linux Mint 17.3 [64-bit]\n%copyfile% 'linuxmint-17.3-64bit.iso' %intodir% '/Files/Linux/'
	find --set-root --ignore-floppies /Files/Linux/linuxmint-17.3-64bit.iso
	map /Files/Linux/linuxmint-17.3-64bit.iso (0xff) || map --mem /Files/Linux/linuxmint-17.3-64bit.iso (0xff)
	map --hook
	kernel	(0xff)/casper/vmlinuz file=/cdrom/preseed/linuxmint.seed boot=casper iso-scan/filename=/Files/Linux/linuxmint-17.3-64bit.iso quiet splash --
	initrd	(0xff)/casper/initrd.lz

title Lubuntu 16.04 Desktop [64-bit]\n%copyfile% 'lubuntu-16.04-desktop-amd64.iso' %intodir% '/Files/Linux/'
	find --set-root --ignore-floppies /Files/Linux/lubuntu-16.04-desktop-amd64.iso
	map /Files/Linux/lubuntu-16.04-desktop-amd64.iso (0xff) || map --mem /Files/Linux/lubuntu-16.04-desktop-amd64.iso (0xff)
	map --hook
	kernel	(0xff)/casper/vmlinuz.efi file=/cdrom/preseed/lubuntu.seed boot=casper iso-scan/filename=/Files/Linux/lubuntu-16.04-desktop-amd64.iso quiet splash ---
	initrd	(0xff)/casper/initrd.lz
	
title Arch Linux\n%copyfile% 'archlinux.iso' %intodir% '/Files/Linux/'
	find --set-root --ignore-floppies /Files/Linux/archlinux.iso
	map /Files/Linux/archlinux.iso (0xff) || map --mem /Files/Linux/archlinux.iso (0xff)
	map --hook
	uuid () > nul
	set UUID=%?%
	kernel	(0xff)/arch/boot/x86_64/vmlinuz img_dev=/dev/disk/by-uuid/%UUID% img_loop=/Files/Linux/archlinux.iso
	initrd	(0xff)/arch/boot/x86_64/archiso.img
	
title Kali Linux [64-bit]\n%copyfile% 'kali-linux-amd64.iso' %intodir% '/Files/Linux/'
	find --set-root --ignore-floppies /Files/Linux/kali-linux-amd64.iso
	map /Files/Linux/kali-linux-amd64.iso (0xff) || map --mem /Files/Linux/kali-linux-amd64.iso (0xff)
	map --hook
	kernel	(0xff)/live/vmlinuz boot=live findiso=/Files/Linux/kali-linux-amd64.iso noconfig=sudo username=root hostname=kali quiet splash
	initrd	(0xff)/live/initrd.img

title Wifislax [KDE Desktop]\n%copyfile% 'wifislax.iso' %intodir% '/Files/Linux/'
	find --set-root --ignore-floppies /Files/Linux/wifislax.iso
	map /Files/Linux/wifislax.iso (0xff) || map --mem /Files/Linux/wifislax.iso (0xff)
	map --hook
	kernel	(0xff)/boot/vmlinuz2 noload=000-Ker;006-Xfce load=English from=/Files/Linux/wifislax.iso autoexec=startx
	initrd	(0xff)/boot/initrd.xz

title CentOS 7 Minimal CD\n%copyfile% 'CentOS-7-x86_64-Minimal.iso' %intodir% '/Files/Linux/'
	find --set-root --ignore-floppies /Files/Linux/CentOS-7-x86_64-Minimal.iso
	map /Files/Linux/CentOS-7-x86_64-Minimal.iso (0xff) || map --mem /Files/Linux/CentOS-7-x86_64-Minimal.iso (0xff)
	map --hook
	uuid () > nul
	set UUID=%?%
	kernel	(0xff)/images/pxeboot/vmlinuz inst.stage2=hd:UUID=%UUID%:/Files/Linux/CentOS-7-x86_64-Minimal.iso quiet
	initrd	(0xff)/images/pxeboot/initrd.img

title CentOS Linux 7 Live GNOME\n%copyfile% 'CentOS-7-x86_64-LiveGNOME.iso' %intodir% '/Files/Linux/'
	find --set-root --ignore-floppies /Files/Linux/CentOS-7-x86_64-LiveGNOME.iso
	map /Files/Linux/CentOS-7-x86_64-LiveGNOME.iso (0xff) || map --mem /Files/Linux/CentOS-7-x86_64-LiveGNOME.iso (0xff)
	map --hook
	kernel	(0xff)/isolinux/vmlinuz0 root=live:LABEL=CentOS-7-x86_64-GNOME-1603-02 ro rd.live.image quiet rhgb iso-scan/filename=/Files/Linux/CentOS-7-x86_64-LiveGNOME.iso
	initrd	(0xff)/isolinux/initrd0.img

title Debian Live 8 [64-bit]\n%copyfile% 'debian-live-8-amd64.iso' %intodir% '/Files/Linux/'
	find --set-root --ignore-floppies /Files/Linux/debian-live-8-amd64.iso
	map /Files/Linux/debian-live-8-amd64.iso (0xff) || map --mem /Files/Linux/debian-live-8-amd64.iso (0xff)
	map --hook
	kernel	(0xff)/live/vmlinuz boot=live findiso=/Files/Linux/debian-live-8-amd64.iso components quiet splash
	initrd	(0xff)/live/initrd.img

title Fedora 23 Live Workstation [64-bit]\n%copyfile% 'Fedora-Live-Workstation.iso' %intodir% '/Files/Linux/'
	find --set-root --ignore-floppies /Files/Linux/Fedora-Live-Workstation.iso
	map /Files/Linux/Fedora-Live-Workstation.iso (0xff) || map --mem /Files/Linux/Fedora-Live-Workstation.iso (0xff)
	map --hook
	kernel	(0xff)/isolinux/vmlinuz0 root=live:CDLABEL=Fedora-Live-WS-x86_64-23-10 rootfstype=auto ro rd.live.image quiet rhgb rd.luks=0 rd.md=0 rd.dm=0 iso-scan/filename=/Files/Linux/Fedora-Live-Workstation-x86_64-23-10.iso
	initrd	(0xff)/isolinux/initrd0.img
	
title elementary OS [64-bit]\n%copyfile% 'elementaryos-amd64.iso' %intodir% '/Files/Linux/'
	find --set-root --ignore-floppies /Files/Linux/elementaryos-amd64.iso
	map /Files/Linux/elementaryos-amd64.iso (0xff) || map --mem /Files/Linux/elementaryos-amd64.iso (0xff)
	map --hook
	kernel	(0xff)/casper/vmlinuz boot=casper iso-scan/filename=/Files/Linux/elementaryos-amd64.iso quiet splash --
	initrd	(0xff)/casper/initrd.lz
	
title Manjaro Linux [64-bit]\n%copyfile% 'manjaro-x86_64.iso' %intodir% '/Files/Linux/'
	find --set-root --ignore-floppies /Files/Linux/manjaro-x86_64.iso
	map /Files/Linux/manjaro-x86_64.iso (0xff) || map --mem /Files/Linux/manjaro-x86_64.iso (0xff)
	map --hook
	uuid () > nul
	set UUID=%?%
	kernel	(0xff)/manjaro/boot/x86_64/manjaro img_dev=/dev/disk/by-uuid/%UUID% img_loop=/Files/Linux/manjaro-x86_64.iso misobasedir=manjaro misolabel=MJRO1606 nouveau.modeset=1 i915.modeset=1 radeon.modeset=1 logo.nologo overlay=free quiet splash showopts
	initrd	(0xff)/manjaro/boot/intel_ucode.img (0xff)/manjaro/boot/x86_64/manjaro.img
	
title DEFT-Zero Linux Live (GUI mode)\n%copyfile% 'deft.iso' %intodir% '/Files/Linux/'
	find --set-root --ignore-floppies /Files/Linux/deft.iso
	map /Files/Linux/deft.iso (0xff) || map --mem /Files/Linux/deft.iso (0xff)
	map --hook
	kernel	(0xff)/casper/vmlinuz file=/cdrom/preseed/lubuntu.seed boot=casper iso-scan/filename=/Files/Linux/deft.iso quiet splash --
	initrd	(0xff)/casper/initrd.lz

title Parrot Security OS\n%copyfile% 'parrot.iso' %intodir% '/Files/Linux/'
	find --set-root --ignore-floppies /Files/Linux/parrot.iso
	map /Files/Linux/parrot.iso (0xff) || map --mem /Files/Linux/parrot.iso (0xff)
	map --hook
	kernel	(0xff)/live/vmlinuz boot=live config boot=live noconfig=sudo username=root hostname=parrot boot=live noconfig=sudo username=root hostname=parrot findiso=/Files/Linux/parrot.iso
	initrd	(0xff)/live/initrd.img
	
title Network Security Toolkit\n%copyfile% 'nst.iso' %intodir% '/Files/Linux/'
	find --set-root --ignore-floppies /Files/Linux/nst.iso
	map /Files/Linux/nst.iso (0xff) || map --mem /Files/Linux/nst.iso (0xff)
	map --hook
	kernel	(0xff)/isolinux/vmlinuz0 root=CDLABEL=nst-22-7334.i686 rootfstype=auto ro rd.live.image rd.luks=0 rd.md=0 rd.dm=0 audit=0 systemd.unit=graphical.target nstrelocate=false iso-scan/filename=/Files/Linux/nst.iso
	initrd	(0xff)/isolinux/initrd0.img
	
title BackBox Linux [64-bit]\n%copyfile% 'backbox-amd64.iso' %intodir% '/Files/Linux/'
	find --set-root --ignore-floppies /Files/Linux/backbox-amd64.iso
	map /Files/Linux/backbox-amd64.iso (0xff) || map --mem /Files/Linux/backbox-amd64.iso (0xff)
	map --hook
	kernel	(0xff)/casper/vmlinuz.efi file=/cdrom/preseed/backbox.seed boot=casper iso-scan/filename=/Files/Linux/backbox-amd64.iso quiet splash --
	initrd	(0xff)/casper/initrd.gz

title Tails Live [64-bit]\n%copyfile% 'tails.iso' %intodir% '/Files/Linux/'
	find --set-root --ignore-floppies /Files/Linux/tails.iso
	map /Files/Linux/tails.iso (0xff) || map --mem /Files/Linux/tails.iso (0xff)
	map --hook
	kernel	(0xff)/live/vmlinuz2 findiso=/Files/Linux/tails.iso boot=live config live-media=removable apparmor=1 security=apparmor nopersistence noprompt timezone=Etc/UTC block.events_dfl_poll_msecs=1000 splash noautologin module=Tails quiet
	initrd	(0xff)/live/initrd2.img

title Slackware 14.1 install (DVD)\n%copyfile% 'slackware64-14.1-install-dvd.iso' %intodir% '/Files/Linux/'
	find --set-root --ignore-floppies /Files/Linux/slackware64-14.1-install-dvd.iso
	map /Files/Linux/slackware64-14.1-install-dvd.iso (0xff) || map --mem /Files/Linux/slackware64-14.1-install-dvd.iso (0xff)
	map --hook
	chainloader (0xff)
	
title Solus Operating System 1.1\n%copyfile% 'Solus.iso' %intodir% '/Files/Linux/'
	find --set-root --ignore-floppies /Files/Linux/Solus.iso
	map /Files/Linux/Solus.iso (0xff) || map --mem /Files/Linux/Solus.iso (0xff)
	map --hook
	kernel	(0xff)/boot/kernel iso-scan/filename=/Files/Linux/Solus.iso root=live:CDLABEL=SolusLive ro rd.luks=0 rd.md=0 quiet splash --
	initrd	(0xff)/boot/initrd.img

title Gentoo Minimal Installation CD [64-bit]\n%copyfile% 'install-amd64-minimal.iso' %intodir% '/Files/Linux/'
	find --set-root --ignore-floppies /Files/Linux/install-amd64-minimal.iso
	map /Files/Linux/install-amd64-minimal.iso (0xff) || map --mem /Files/Linux/install-amd64-minimal.iso (0xff)
	map --hook
	kernel	(0xff)/isolinux/gentoo root=/dev/ram0 init=/linuxrc dokeymap looptype=squashfs loop=/image.squashfs cdroot initrd=gentoo.igz isoboot=/Files/Linux/install-amd64-minimal.iso
	initrd	(0xff)/isolinux/gentoo.igz 

title openSUSE Tumbleweed GNOME/KDE Live [64-bit]\n%copyfile% 'openSUSE-Tumbleweed-Live-x86_64-Current.iso' %intodir% '/Files/Linux/'
	find --set-root --ignore-floppies /Files/Linux/openSUSE-Tumbleweed-Live-x86_64-Current.iso
	map /Files/Linux/openSUSE-Tumbleweed-Live-x86_64-Current.iso (0xff) || map --mem /Files/Linux/openSUSE-Tumbleweed-Live-x86_64-Current.iso (0xff)
	map --hook
	kernel	(0xff)/boot/x86_64/loader/linux isofrom_device=$imgdevpath isofrom_system=/Files/Linux/openSUSE-Tumbleweed-Live-x86_64-Current.iso LANG=en_US.UTF-8
	initrd	(0xff)/boot/x86_64/loader/initrd

title Clonezilla Live amd64\n%copyfile% 'clonezilla-live-amd64.iso' %intodir% '/Files/Linux/'
	find --set-root --ignore-floppies /Files/Linux/clonezilla-live-amd64.iso
	map /Files/Linux/clonezilla-live-amd64.iso (0xff) || map --mem /Files/Linux/clonezilla-live-amd64.iso (0xff)
	map --hook
	kernel	(0xff)/live/vmlinuz boot=live union=overlay username=user config components quiet noswap nolocales edd=on nomodeset nodmraid ocs_live_run=\"ocs-live-general\" ocs_live_extra_param=\"\" keyboard-layouts= ocs_live_batch=\"no\" locales= vga=788 ip=frommedia nosplash toram=filesystem.squashfs findiso=/Files/Linux/clonezilla-live-amd64.iso
	initrd	(0xff)/live/initrd.img

title GParted Live amd64\n%copyfile% 'gparted-live-amd64.iso' %intodir% '/Files/Linux/'
	find --set-root --ignore-floppies /Files/Linux/gparted-live-amd64.iso
	map /Files/Linux/gparted-live-amd64.iso (0xff) || map --mem /Files/Linux/gparted-live-amd64.iso (0xff)
	map --hook
	kernel	(0xff)/live/vmlinuz boot=live union=overlay username=user config components quiet noswap noeject vga=791 ip=frommedia nosplash findiso=/Files/Linux/gparted-live-amd64.iso
	initrd	(0xff)/live/initrd.img

title Ubuntu 14.04 Desktop [64-bit]\n%copyfile% 'ubuntu-14.04.4-desktop-amd64.iso' %intodir% '/Files/Linux/'
	find --set-root --ignore-floppies /Files/Linux/ubuntu-14.04.4-desktop-amd64.iso
	map /Files/Linux/ubuntu-14.04.4-desktop-amd64.iso (0xff) || map --mem /Files/Linux/ubuntu-14.04.4-desktop-amd64.iso (0xff)
	map --hook
	kernel	(0xff)/casper/vmlinuz.efi boot=casper iso-scan/filename=/Files/Linux/ubuntu-14.04.4-desktop-amd64.iso quiet splash
	initrd	(0xff)/casper/initrd.lz

title Ubuntu 12.04 Desktop [64-bit]\n%copyfile% 'ubuntu-12.04.5-desktop-amd64.iso' %intodir% '/Files/Linux/'
	find --set-root --ignore-floppies /Files/Linux/ubuntu-12.04.5-desktop-amd64.iso
	map /Files/Linux/ubuntu-12.04.5-desktop-amd64.iso (0xff) || map --mem /Files/Linux/ubuntu-12.04.5-desktop-amd64.iso (0xff)
	map --hook
	kernel	(0xff)/casper/vmlinuz.efi boot=casper iso-scan/filename=/Files/Linux/ubuntu-12.04.5-desktop-amd64.iso noprompt noeject
	initrd	(0xff)/casper/initrd.lz

title Ubuntu 16.04 Desktop [32-bit]\n%copyfile% 'ubuntu-16.04-desktop-i386.iso' %intodir% '/Files/Linux/'
	find --set-root --ignore-floppies /Files/Linux/ubuntu-16.04-desktop-i386.iso
	map /Files/Linux/ubuntu-16.04-desktop-i386.iso (0xff) || map --mem /Files/Linux/ubuntu-16.04-desktop-i386.iso (0xff)
	map --hook
	kernel	(0xff)/casper/vmlinuz boot=casper iso-scan/filename=/Files/Linux/ubuntu-16.04-desktop-i386.iso quiet splash
	initrd	(0xff)/casper/initrd.lz

title Ubuntu 14.04 Desktop [32-bit]\n%copyfile% 'ubuntu-14.04.4-desktop-i386.iso' %intodir% '/Files/Linux/'
	find --set-root --ignore-floppies /Files/Linux/ubuntu-14.04.4-desktop-i386.iso
	map /Files/Linux/ubuntu-14.04.4-desktop-i386.iso (0xff) || map --mem /Files/Linux/ubuntu-14.04.4-desktop-i386.iso (0xff)
	map --hook
	kernel	(0xff)/vmlinuz boot=casper iso-scan/filename=/Files/Linux/ubuntu-14.04.4-desktop-i386.iso quiet splash
	initrd	(0xff)/casper/initrd.lz

title Ubuntu 12.04 Desktop [32-bit]\n%copyfile% 'ubuntu-12.04.5-desktop-i386.iso' %intodir% '/Files/Linux/'
	find --set-root --ignore-floppies /Files/Linux/ubuntu-12.04.5-desktop-i386.iso
	map /Files/Linux/ubuntu-12.04.5-desktop-i386.iso (0xff) || map --mem /Files/Linux/ubuntu-12.04.5-desktop-i386.iso (0xff)
	map --hook
	kernel	(0xff)/casper/vmlinuz boot=casper iso-scan/filename=/Files/Linux/ubuntu-12.04.5-desktop-i386.iso noprompt noeject
	initrd	(0xff)/casper/initrd.lz

title Linux Mint 17.3 [32-bit]\n%copyfile% 'linuxmint-17.3-32bit.iso' %intodir% '/Files/Linux/'
	find --set-root --ignore-floppies /Files/Linux/linuxmint-17.3-32bit.iso
	map /Files/Linux/linuxmint-17.3-32bit.iso (0xff) || map --mem /Files/Linux/linuxmint-17.3-32bit.iso (0xff)
	map --hook
	kernel	(0xff)/casper/vmlinuz file=/cdrom/preseed/linuxmint.seed boot=casper iso-scan/filename=/Files/Linux/linuxmint-17.3-32bit.iso quiet splash --
	initrd	(0xff)/casper/initrd.lz

title Lubuntu 16.04 Desktop [32-bit]\n%copyfile% 'lubuntu-16.04-desktop-i386.iso' %intodir% '/Files/Linux/'
	find --set-root --ignore-floppies /Files/Linux/lubuntu-16.04-desktop-i386.iso
	map /Files/Linux/lubuntu-16.04-desktop-i386.iso (0xff) || map --mem /Files/Linux/lubuntu-16.04-desktop-i386.iso (0xff)
	map --hook
	kernel	(0xff)/casper/vmlinuz file=/cdrom/preseed/lubuntu.seed boot=casper iso-scan/filename=/Files/Linux/lubuntu-16.04-desktop-i386.iso quiet splash ---
	initrd	(0xff)/casper/initrd.lz

title Parted Magic [32-bit]\n%copyfile% 'pmagic.iso' %intodir% '/Files/Linux/'
	find --set-root --ignore-floppies /Files/Linux/pmagic.iso
	map /Files/Linux/pmagic.iso (0xff) || map --mem /Files/Linux/pmagic.iso (0xff)
	map --hook
	kernel	(0xff)/pmagic/bzImage iso_filename=/Files/Linux/pmagic.iso directory=boot edd=on vga=normal
	initrd	(0xff)/pmagic/initrd.img (0xff)/pmagic/fu.img (0xff)/pmagic/m32.img
	
title Debian Live 8 [32-bit]\n%copyfile% 'debian-live-8-i386.iso' %intodir% '/Files/Linux/'
	find --set-root --ignore-floppies /Files/Linux/debian-live-8-i386.iso
	map /Files/Linux/debian-live-8-i386.iso (0xff) || map --mem /Files/Linux/debian-live-8-i386.iso (0xff)
	map --hook
	kernel	(0xff)/live/vmlinuz boot=live findiso=/Files/Linux/debian-live-8-i386.iso components quiet splash
	initrd	(0xff)/live/initrd.img

title elementary OS [32-bit]\n%copyfile% 'elementaryos-i386.iso' %intodir% '/Files/Linux/'
	find --set-root --ignore-floppies /Files/Linux/elementaryos-i386.iso
	map /Files/Linux/elementaryos-i386.iso (0xff) || map --mem /Files/Linux/elementaryos-i386.iso (0xff)
	map --hook
	kernel	(0xff)/casper/vmlinuz boot=casper iso-scan/filename=/Files/Linux/elementaryos-i386.iso quiet splash --
	initrd	(0xff)/casper/initrd.lz

title Tails Live [32-bit]\n%copyfile% 'tails.iso' %intodir% '/Files/Linux/'
	find --set-root --ignore-floppies /Files/Linux/tails.iso
	map /Files/Linux/tails.iso (0xff) || map --mem /Files/Linux/tails.iso (0xff)
	map --hook
	kernel	(0xff)/live/vmlinuz findiso=/Files/Linux/tails.iso boot=live config live-media=removable apparmor=1 security=apparmor nopersistence noprompt timezone=Etc/UTC block.events_dfl_poll_msecs=1000 splash noautologin module=Tails quiet
	initrd	(0xff)/live/initrd.img

title openSUSE Tumbleweed GNOME/KDE Live [32-bit]\n%copyfile% 'openSUSE-Tumbleweed-Live-i686-Current.iso' %intodir% '/Files/Linux/'
	find --set-root --ignore-floppies /Files/Linux/openSUSE-Tumbleweed-Live-i686-Current.iso
	map /Files/Linux/openSUSE-Tumbleweed-Live-i686-Current.iso (0xff) || map --mem /Files/Linux/openSUSE-Tumbleweed-Live-i686-Current.iso (0xff)
	map --hook
	kernel	(0xff)/boot/i386/loader/linux isofrom_device=$imgdevpath isofrom_system=/Files/Linux/openSUSE-Tumbleweed-Live-i686-Current.iso LANG=en_US.UTF-8
	initrd	(0xff)/boot/i386/loader/initrd
	
title BackBox Linux [32-bit]\n%copyfile% 'backbox-i386.iso' %intodir% '/Files/Linux/'
	find --set-root --ignore-floppies /Files/Linux/backbox-i386.iso
	map /Files/Linux/backbox-i386.iso (0xff) || map --mem /Files/Linux/backbox-i386.iso (0xff)
	map --hook
	kernel	(0xff)/casper/vmlinuz file=/cdrom/preseed/backbox.seed boot=casper iso-scan/filename=/Files/Linux/backbox-i386.iso quiet splash --
	initrd	(0xff)/casper/initrd.gz
	
title Manjaro Linux [32-bit]\n%copyfile% 'manjaro-i686.iso' %intodir% '/Files/Linux/'
	find --set-root --ignore-floppies /Files/Linux/manjaro-i686.iso
	map /Files/Linux/manjaro-i686.iso (0xff) || map --mem /Files/Linux/manjaro-i686.iso (0xff)
	map --hook
	uuid () > nul
	set UUID=%?%
	kernel	(0xff)/manjaro/boot/i686/manjaro img_dev=/dev/disk/by-uuid/%UUID% img_loop=/Files/Linux/manjaro-i686.iso misobasedir=manjaro misolabel=MJRO1606 nouveau.modeset=1 i915.modeset=1 radeon.modeset=1 logo.nologo overlay=free quiet splash showopts
	initrd	(0xff)/manjaro/boot/intel_ucode.img (0xff)/manjaro/boot/i686/manjaro.img

title %backlst%
	fallback +1
	find --set-root --ignore-floppies --ignore-cd /Boot/grub4dos/menu.lst
	configfile /Boot/grub4dos/menu.lst

title Load Grub2
	chainloader /Boot/grub/g2ldr

iftitle [ls /Boot/syslinux/syslinux.bin] Load Syslinux
	chainloader /Boot/syslinux/syslinux.bin

iftitle [ls /Boot/syslinux/notbin.txt] Load Syslinux
	chainloader +1

title %reboot%
	reboot

title %halt%
	halt

title %mcmd%
	commandline

# In the end, font lines for unicode chars in unifont.hex format.
# It should include all unicode chars used in the above menu code.
# Surely normal ASCII chars are not necessary to be included here.

5173:10100810082000003FF8010001000100FFFE010002800280044008203018C006
542F:010000801FFC1004100410041FFC10001000100017FC24042404440487FC0404
673A:100011F011101110FD10111031103910551055109110111211121212120E1400
91CD:001000F83F000100FFFE01001FF011101FF011101FF001003FF80100FFFE0000