# This is a sample menu.lst file. You should make some changes to it.
# The old install method of booting via the stage-files has been removed.
# Please install GRLDR boot strap code to MBR with the bootlace.com
# utility under DOS/Win9x or Linux.
#
# It must be UTF-8 encoding for multi-lingual support. Font lines can be
# appended to the file. The font lines should be in the unifont.hex format.

color blue/green yellow/red white/magenta white/magenta
timeout 30
## menu border color
color border=0xEEFFEE
## set vbe mode
graphicsmode -1 640:800 480:600 24:32 || graphicsmode -1 -1 -1 24:32
## loading splashimage
#splashimage /Boot/grub4dos/splashimage.xpm || splashimage /Boot/grub4dos/splashimage.bmp
default /default
## Menu AutoNumber
write 0x8274 0x2001

if exist /Boot/grub4dos/vi.lst set vi=1
if %vi%==1 font /Boot/grub4dos/unifont-8.0.01.hex.gz && set av=Phần mềm Quét Virus && set disk=Tiện ích Ổ đĩa && set br=Sao lưu & phục hồi && set halt=Tắt máy && set reboot=Khởi động lại && set dos=Chương trình DOS && set phdnormal=Bắt đầu Paragon-RCD trong chế độ bình thường && set phdsafe=Bắt đầu Paragon-RCD trong chế độ an toàn && set mntldr=Tìm và boot Windows NT/2K/XP && set mbootmgr=load BOOTMGR của Windows Vista/7/8.1/10/2008 && set mcmldr=Tìm và load CMLDR, chế độ Recovery Console của Windows NT/2K/XP && set miosys=Chainload IO.SYS để boot MS-DOS/Windows 9x/Me && set mcmd=Vào chế độ dòng lệnh && set backlst=<-- Trở về menu chính && set cachedr=(lưu vào RAM) && set debugmode=chế độ VESA && set vesa=chế độ DEBUG && set installhd=Cài đặt vào ổ cứng HDD && set remixres=Chế độ trú - Tất cả dữ liệu và ứng dụng sẽ được lưu && set remixgue=Chế độ khách - Không có dữ liệu được lưu sau mỗi phiên && set extrfile=Extract file && set copyfile=Chép tập tin && set intodir=vào thư mục && set openfile=Mở tập tin
if not %vi%==1 set av=Antivirus && set disk=Disk Utilities && set br=Backup & Recovery && set halt=Poweroff && set reboot=Reboot && set dos=DOS Programs && set phdnormal=Start Paragon-RCD in normal mode && set phdsafe=Start Paragon-RCD in safe mode && set mntldr=find and load NTLDR of Windows NT/2K/XP && set mbootmgr=load BOOTMGR of Windows Vista/7/8.1/10/2008 && set mcmldr=find and load CMLDR, the Recovery Console of Windows NT/2K/XP && set miosys=Chainload IO.SYS for booting MS-DOS/Windows 9x/Me && set mcmd=commandline && set backlst=<-- Back to main menu && set cachedr=(cached to RAM) && set vesa=VESA mode && set debugmode=DEBUG mode && set installhd=Install to Hard Disk && set remixres=Resident mode - All your data and apps are saved && set remixgue=Guest mode - No data will be saved after each session && set extrfile=Extract file && set copyfile=Copy file && set intodir=into the folder && set openfile=Open file

title Boot WinPE
find --set-root --ignore-floppies /Boot/bootmgr
chainloader /Boot/bootmgr

iftitle [if exist /Files/MiniXP.iso] Windows XP Mini
find --set-root --ignore-floppies --ignore-cd /Files/MiniXP.iso
map /Files/MiniXP.iso (0xff) || map --mem /Files/MiniXP.iso (0xff)
map --hook 
chainloader (0xff)

title %dos%
find --set-root --ignore-floppies /Boot/grub4dos/dos.lst
configfile /Boot/grub4dos/dos.lst

title %br%
find --set-root --ignore-floppies /Boot/grub4dos/backuprecovery.lst
configfile /Boot/grub4dos/backuprecovery.lst

title %disk%
find --set-root --ignore-floppies /Boot/grub4dos/diskutilities.lst
configfile /Boot/grub4dos/diskutilities.lst

title %av%
find --set-root --ignore-floppies /Boot/grub4dos/antivirus.lst
configfile /Boot/grub4dos/antivirus.lst

title Boot ISO Linux
find --set-root --ignore-floppies /Boot/grub4dos/linux.lst
configfile /Boot/grub4dos/linux.lst

title Android
find --set-root --ignore-floppies /Boot/grub4dos/android.lst
configfile /Boot/grub4dos/android.lst

title Microsoft Diagnostics and Recovery Toolset (DaRT)
find --set-root --ignore-floppies /Boot/bootmgr
chainloader /Boot/dartbootmgr

title Load Grub2
chainloader (hd0)+1

title Load Syslinux
chainloader +1

title %reboot%
reboot

title %halt%
halt

title %mntldr%
fallback +1
find --set-root --ignore-floppies --ignore-cd /ntldr
map () (hd0)
map (hd0) ()
map --rehook
find --set-root --ignore-floppies --ignore-cd /ntldr
chainloader /ntldr
savedefault --wait=2

#iftitle only show when command in [] returns true
# set a variable named bootmgr where /bootmgr is found.
iftitle [find --set-root --devices=h /bootmgr && call set bootmgr=%@root^%] %mbootmgr%
fallback +1
chainloader %bootmgr%/bootmgr
savedefault --wait=2

title %mcmldr%
fallback +1
find --set-root --ignore-floppies --ignore-cd /cmldr
map () (hd0)
map (hd0) ()
map --rehook
find --set-root --ignore-floppies --ignore-cd /cmldr
chainloader /cmldr
#####################################################################
# write string "cmdcons" to memory 0000:7C03 in 2 steps:
#####################################################################
# step 1. Write 4 chars "cmdc" at 0000:7C03
#write 0x7C03 0x63646D63
# step 2. Write 3 chars "ons" and an ending null at 0000:7C07
#write 0x7C07 0x00736E6F

#	or.
#write --offset=3 (md)0x3e+1 cmdcons\0
#	or
calc *0x7c03=0x00736E6F63646D63

savedefault --wait=2

title %miosys%
fallback +1
find --set-root --ignore-floppies --ignore-cd /io.sys
chainloader /io.sys
savedefault --wait=2
#
# Or in this way:
#
# find --set-root --ignore-floppies --ignore-cd chainloader /io.sys
# boot
#
# The above boot command is needed in this case.
# See "Delimitors or comments between titles" in grub4dos_readme.txt.

title %mcmd%
commandline

# In the end, font lines for unicode chars in unifont.hex format.
# It should include all unicode chars used in the above menu code.
# Surely normal ASCII chars are not necessary to be included here.

5173:10100810082000003FF8010001000100FFFE010002800280044008203018C006
542F:010000801FFC1004100410041FFC10001000100017FC24042404440487FC0404
673A:100011F011101110FD10111031103910551055109110111211121212120E1400
91CD:001000F83F000100FFFE01001FF011101FF011101FF001003FF80100FFFE0000